Build started 13/11/2014 17:16:34.
     1>Project "c:\Users\madbriller\documents\visual studio 2012\Projects\TurbloxSF\TurbloxSF\TurbloxSF.vcxproj" on node 2 (Build target(s)).
     1>ClCompile:
         C:\Program Files (x86)\Microsoft Visual Studio 11.0\VC\bin\CL.exe /c /I".\SFML-2.1\include" /ZI /nologo /W3 /WX- /Od /Oy- /D _MBCS /Gm /EHsc /RTC1 /MDd /GS /fp:precise /Zc:wchar_t /Zc:forScope /Fo"Debug\\" /Fd"Debug\vc110.pdb" /Gd /TP /analyze- /errorReport:prompt Source.cpp gameGrid.cpp gridSquare.cpp
         gridSquare.cpp
     1>c:\users\madbriller\documents\visual studio 2012\projects\turbloxsf\turbloxsf\gridsquare.cpp(21): warning C4244: '=' : conversion from 'int' to 'float', possible loss of data
     1>c:\users\madbriller\documents\visual studio 2012\projects\turbloxsf\turbloxsf\gridsquare.cpp(26): warning C4244: '=' : conversion from 'int' to 'float', possible loss of data
     1>c:\users\madbriller\documents\visual studio 2012\projects\turbloxsf\turbloxsf\gridsquare.cpp(31): warning C4244: '=' : conversion from 'int' to 'float', possible loss of data
     1>c:\users\madbriller\documents\visual studio 2012\projects\turbloxsf\turbloxsf\gridsquare.cpp(36): warning C4244: '=' : conversion from 'int' to 'float', possible loss of data
         gameGrid.cpp
         Source.cpp
         Generating Code...
       Link:
         C:\Program Files (x86)\Microsoft Visual Studio 11.0\VC\bin\link.exe /ERRORREPORT:PROMPT /OUT:"c:\users\madbriller\documents\visual studio 2012\Projects\TurbloxSF\Debug\TurbloxSF.exe" /INCREMENTAL /NOLOGO /LIBPATH:".\SFML-2.1\lib" "sfml-system-d.lib" "sfml-graphics-d.lib" "sfml-window-d.lib" kernel32.lib user32.lib gdi32.lib winspool.lib comdlg32.lib advapi32.lib shell32.lib ole32.lib oleaut32.lib uuid.lib odbc32.lib odbccp32.lib /MANIFEST /MANIFESTUAC:"level='asInvoker' uiAccess='false'" /manifest:embed /DEBUG /PDB:"c:\users\madbriller\documents\visual studio 2012\Projects\TurbloxSF\Debug\TurbloxSF.pdb" /TLBID:1 /DYNAMICBASE /NXCOMPAT /IMPLIB:"c:\users\madbriller\documents\visual studio 2012\Projects\TurbloxSF\Debug\TurbloxSF.lib" /MACHINE:X86 Debug\gameGrid.obj
         Debug\gridSquare.obj
         Debug\Source.obj
         TurbloxSF.vcxproj -> c:\users\madbriller\documents\visual studio 2012\Projects\TurbloxSF\Debug\TurbloxSF.exe
     1>Done Building Project "c:\Users\madbriller\documents\visual studio 2012\Projects\TurbloxSF\TurbloxSF\TurbloxSF.vcxproj" (Build target(s)).

Build succeeded.

Time Elapsed 00:00:05.23
